============================= test session starts ==============================
platform linux -- Python 3.10.12, pytest-6.2.5, py-1.10.0, pluggy-0.13.0 -- /usr/bin/python3
cachedir: .pytest_cache
rootdir: /home/robot/Documents/robot_parameter_identification
collecting ... collected 233 items / 3 skipped / 230 selected

test/test_autoprofile.py::JointLimitTest::test_limits_are_read_from_the_urdf PASSED [  0%]
test/test_autoprofile.py::JointLimitTest::test_rubbish_xml_yields_nothing_rather_than_raising PASSED [  0%]
test/test_autoprofile.py::DeriveTest::test_a_joint_without_limits_is_refused_by_name PASSED [  1%]
test/test_autoprofile.py::DeriveTest::test_a_non_positive_speed_is_refused PASSED [  1%]
test/test_autoprofile.py::DeriveTest::test_a_profile_is_built_for_the_named_joints PASSED [  2%]
test/test_autoprofile.py::DeriveTest::test_a_raised_speed_is_still_capped_by_the_urdf_rating PASSED [  2%]
test/test_autoprofile.py::DeriveTest::test_a_written_profile_keeps_its_current_guard PASSED [  3%]
test/test_autoprofile.py::DeriveTest::test_an_empty_joint_list_is_refused PASSED [  3%]
test/test_autoprofile.py::DeriveTest::test_asking_for_nothing_leaves_the_conservative_default PASSED [  3%]
test/test_autoprofile.py::DeriveTest::test_current_ceilings_are_left_unset_rather_than_invented PASSED [  4%]
test/test_autoprofile.py::DeriveTest::test_only_the_driven_subset_is_taken PASSED [  4%]
test/test_autoprofile.py::DeriveTest::test_position_limits_come_from_the_urdf_with_margin PASSED [  5%]
test/test_autoprofile.py::DeriveTest::test_speed_is_a_fraction_of_what_the_urdf_permits PASSED [  5%]
test/test_autoprofile.py::DeriveTest::test_the_operator_can_raise_the_speed PASSED [  6%]
test/test_autoprofile.py::DeriveTest::test_the_profile_says_it_was_derived PASSED [  6%]
test/test_autoprofile.py::WorkspaceCapTest::test_a_cap_can_only_tighten_never_loosen PASSED [  6%]
test/test_autoprofile.py::WorkspaceCapTest::test_a_non_positive_cap_is_refused PASSED [  7%]
test/test_autoprofile.py::WorkspaceCapTest::test_a_per_joint_cap_is_honoured PASSED [  7%]
test/test_autoprofile.py::WorkspaceCapTest::test_a_scalar_cap_applies_to_every_joint PASSED [  8%]
test/test_autoprofile.py::WorkspaceCapTest::test_a_wrong_length_cap_is_refused PASSED [  8%]
test/test_autoprofile.py::WorkspaceCapTest::test_no_cap_leaves_the_workspace_unset PASSED [  9%]
test/test_autoprofile.py::WorkspaceCapTest::test_the_campaign_plan_inherits_the_cap PASSED [  9%]
test/test_autoprofile.py::WorkspaceCapTest::test_the_cap_says_why_it_is_there PASSED [  9%]
test/test_dashboard.py::test_profile PASSED                              [ 10%]
test/test_dashboard.py::ModelAdoptionTest::test_a_service_starts_with_no_model PASSED [ 10%]
test/test_dashboard.py::ModelAdoptionTest::test_obstacles_survive_a_redescription PASSED [ 11%]
test/test_dashboard.py::ModelAdoptionTest::test_robot_description_builds_the_model_and_the_scene PASSED [ 11%]
test/test_dashboard.py::ModelAdoptionTest::test_rubbish_description_is_reported_not_raised PASSED [ 12%]
test/test_dashboard.py::ModelAdoptionTest::test_the_same_description_twice_is_ignored PASSED [ 12%]
test/test_dashboard.py::ObstacleApiTest::test_add_then_list PASSED       [ 12%]
test/test_dashboard.py::ObstacleApiTest::test_an_unknown_frame_is_refused PASSED [ 13%]
test/test_dashboard.py::ObstacleApiTest::test_collision_report_explains_a_blocked_pose PASSED [ 13%]
test/test_dashboard.py::ObstacleApiTest::test_collision_report_is_honest_without_a_model PASSED [ 14%]
test/test_dashboard.py::ObstacleApiTest::test_remove_empties_the_scene PASSED [ 14%]
test/test_dashboard.py::ObstacleApiTest::test_update_moves_the_box PASSED [ 15%]
test/test_dashboard.py::RunGateTest::test_a_passed_rehearsal_arms_the_hardware_run PASSED [ 15%]
test/test_dashboard.py::RunGateTest::test_hardware_is_refused_before_a_rehearsal PASSED [ 15%]
test/test_dashboard.py::RunGateTest::test_no_acknowledgement_is_demanded_anywhere PASSED [ 16%]
test/test_dashboard.py::RunGateTest::test_nothing_starts_without_a_model PASSED [ 16%]
test/test_dashboard.py::RunGateTest::test_the_snapshot_carries_what_the_page_needs PASSED [ 17%]
test/test_dashboard.py::ResultProvenanceTest::test_a_torque_run_is_not_labelled_amperes PASSED [ 17%]
test/test_dashboard.py::ResultProvenanceTest::test_the_saved_result_names_the_arm_and_the_effort PASSED [ 18%]
test/test_dashboard.py::HomingTest::test_homing_does_not_need_a_rehearsal PASSED [ 18%]
test/test_dashboard.py::HomingTest::test_homing_is_reachable_over_http PASSED [ 18%]
test/test_dashboard.py::HomingTest::test_homing_is_refused_while_something_runs PASSED [ 19%]
test/test_dashboard.py::HomingTest::test_homing_needs_a_model PASSED     [ 19%]
test/test_dashboard.py::HomingTest::test_homing_reports_where_it_started_and_ended PASSED [ 20%]
test/test_dashboard.py::HomingTest::test_homing_runs_on_a_bare_click PASSED [ 20%]
test/test_dashboard.py::HomingTest::test_homing_waives_the_neutral_start_check PASSED [ 21%]
test/test_dashboard.py::HomingTest::test_releasing_tolerates_a_plant_that_cannot_be_closed PASSED [ 21%]
test/test_dashboard.py::HomingTest::test_the_plant_is_released_afterwards PASSED [ 21%]
test/test_dashboard.py::HomingTest::test_the_service_is_idle_again PASSED [ 22%]
test/test_dashboard.py::ViewerStateTest::test_viewer_carries_link_poses_and_boxes PASSED [ 22%]
test/test_dashboard.py::ViewerStateTest::test_viewer_reports_no_model_before_one_arrives PASSED [ 23%]
test/test_dashboard.py::RehearsalEndToEndTest::test_a_result_was_produced PASSED [ 23%]
test/test_dashboard.py::RehearsalEndToEndTest::test_passing_a_rehearsal_unlocks_the_hardware_button PASSED [ 24%]
test/test_dashboard.py::RehearsalEndToEndTest::test_residuals_carry_the_speed_they_happened_at PASSED [ 24%]
test/test_dashboard.py::RehearsalEndToEndTest::test_the_charts_have_something_to_draw PASSED [ 24%]
test/test_dashboard.py::RehearsalEndToEndTest::test_the_coefficients_stay_physical PASSED [ 25%]
test/test_dashboard.py::RehearsalEndToEndTest::test_the_friction_cloud_has_gravity_removed PASSED [ 25%]
test/test_dashboard.py::RehearsalEndToEndTest::test_the_injected_friction_is_recovered PASSED [ 26%]
test/test_dashboard.py::RehearsalEndToEndTest::test_the_planted_friction_was_not_zero PASSED [ 26%]
test/test_dashboard.py::RehearsalEndToEndTest::test_the_residual_chart_is_not_empty PASSED [ 27%]
test/test_dashboard.py::RehearsalEndToEndTest::test_the_run_reached_the_end PASSED [ 27%]
test/test_dashboard.py::RehearsalEndToEndTest::test_the_verdict_is_reported PASSED [ 27%]
test/test_dashboard.py::StopTest::test_a_stopped_run_is_not_reported_as_finished PASSED [ 28%]
test/test_dashboard.py::StopTest::test_starting_clears_the_previous_verdict PASSED [ 28%]
test/test_dashboard.py::ProgressTest::test_a_new_phase_drops_the_old_phase_fields PASSED [ 29%]
test/test_dashboard.py::ProgressTest::test_a_pose_update_keeps_the_sample_count PASSED [ 29%]
test/test_dashboard.py::ProgressTest::test_a_sample_update_keeps_the_pose_index PASSED [ 30%]
test/test_dashboard.py::ProgressTest::test_elapsed_time_is_always_refreshed PASSED [ 30%]
test/test_dashboard.py::SpeedRequestTest::test_the_request_reaches_the_profile_and_the_plan PASSED [ 30%]
test/test_dashboard.py::SpeedRequestTest::test_the_sweep_actually_runs_at_the_new_speed PASSED [ 31%]
test/test_dashboard.py::SpeedRequestTest::test_validation_moves_with_it PASSED [ 31%]
test/test_dashboard.py::SpeedRequestTest::test_zero_keeps_the_conservative_default PASSED [ 32%]
test/test_dashboard.py::GuardTest::test_a_derived_profile_does_not_arm_the_voltage_window PASSED [ 32%]
test/test_dashboard.py::GuardTest::test_a_disabled_drive_stops_the_run PASSED [ 33%]
test/test_dashboard.py::GuardTest::test_a_fault_word_stops_the_run PASSED [ 33%]
test/test_dashboard.py::GuardTest::test_a_healthy_frame_passes PASSED    [ 33%]
test/test_dashboard.py::GuardTest::test_a_mapped_signal_that_never_arrives_still_reports_dark PASSED [ 34%]
test/test_dashboard.py::GuardTest::test_an_unmapped_signal_reports_its_guard_dark PASSED [ 34%]
test/test_dashboard.py::GuardTest::test_channels_the_robot_lacks_are_skipped_not_tripped PASSED [ 35%]
test/test_dashboard.py::GuardTest::test_voltage_is_only_checked_when_a_window_was_supplied PASSED [ 35%]
test/test_dashboard.py::HttpTest::test_a_bad_frame_answers_400_with_a_sentence PASSED [ 36%]
test/test_dashboard.py::HttpTest::test_hardware_start_is_refused_over_http_too PASSED [ 36%]
test/test_dashboard.py::HttpTest::test_index_is_served PASSED            [ 36%]
test/test_dashboard.py::HttpTest::test_obstacles_round_trip_over_http PASSED [ 37%]
test/test_dashboard.py::HttpTest::test_state_is_json PASSED              [ 37%]
test/test_dashboard.py::HttpTest::test_static_traversal_is_blocked PASSED [ 38%]
test/test_dashboard.py::HttpTest::test_unknown_endpoint_is_404 PASSED    [ 38%]
test/test_dashboard.py::HttpTest::test_viewer_is_json PASSED             [ 39%]
test/test_excitation.py::LimitTest::test_clip_never_leaves_the_usable_range PASSED [ 39%]
test/test_excitation.py::LimitTest::test_usable_range_keeps_the_margin PASSED [ 39%]
test/test_excitation.py::StaticDesignTest::test_collision_screening_rejects_and_reports PASSED [ 40%]
test/test_excitation.py::StaticDesignTest::test_designed_poses_beat_random_poses PASSED [ 40%]
test/test_excitation.py::StaticDesignTest::test_every_designed_pose_is_inside_the_usable_range PASSED [ 41%]
test/test_excitation.py::FrictionDesignTest::test_each_joint_gets_a_sweep_within_limits PASSED [ 41%]
test/test_excitation.py::FourierDesignTest::test_collision_blocked_search_returns_nothing PASSED [ 42%]
test/test_excitation.py::FourierDesignTest::test_trajectory_derivatives_are_consistent PASSED [ 42%]
test/test_excitation.py::FourierDesignTest::test_trajectory_respects_speed_and_acceleration PASSED [ 42%]
test/test_excitation.py::TourOrderingTest::test_ordering_does_not_change_conditioning PASSED [ 43%]
test/test_excitation.py::TourOrderingTest::test_tour_is_shorter_than_the_selection_order PASSED [ 43%]
test/test_excitation.py::TourOrderingTest::test_tour_starts_from_the_given_pose PASSED [ 44%]
test/test_excitation.py::TourOrderingTest::test_travel_is_reported PASSED [ 44%]
test/test_excitation.py::SweptPathScreeningTest::test_a_pose_behind_a_wall_is_dropped PASSED [ 45%]
test/test_excitation.py::SweptPathScreeningTest::test_an_open_cell_drops_nothing PASSED [ 45%]
test/test_excitation.py::SweptPathScreeningTest::test_path_free_sees_an_obstacle_between_clear_ends PASSED [ 45%]
test/test_excitation.py::SweptPathScreeningTest::test_path_screening_is_reported PASSED [ 46%]
test/test_identification.py::ModelTest::test_align_base_changes_gravity_torque PASSED [ 46%]
test/test_identification.py::ModelTest::test_one_arm_is_isolated_from_a_multi_arm_urdf PASSED [ 47%]
test/test_identification.py::ModelTest::test_regressor_reproduces_inverse_dynamics PASSED [ 47%]
test/test_identification.py::ModelTest::test_static_regressor_has_no_velocity_terms PASSED [ 48%]
test/test_identification.py::TruncationTest::test_condition_number_is_scored_after_reduction PASSED [ 48%]
test/test_identification.py::TruncationTest::test_identifiable_columns_drops_dead_columns PASSED [ 48%]
test/test_identification.py::TruncationTest::test_truncation_caps_the_condition_number PASSED [ 49%]
test/test_identification.py::GeneralisationTest::test_capped_fit_recovers_friction_and_generalises PASSED [ 49%]
test/test_identification.py::GeneralisationTest::test_excluding_friction_actually_excludes_it PASSED [ 50%]
test/test_identification.py::GeneralisationTest::test_fit_reports_its_own_holdout_error PASSED [ 50%]
test/test_identification.py::GeneralisationTest::test_uncapped_fit_blows_up_on_weakly_excited_data PASSED [ 51%]
test/test_identification.py::GeneralisationTest::test_unexcited_data_is_refused PASSED [ 51%]
test/test_interfaces.py::SignalMapTest::test_a_drive_reporting_both_records_the_one_it_does_not_fit PASSED [ 51%]
test/test_interfaces.py::SignalMapTest::test_a_fully_instrumented_arm_loses_no_guard PASSED [ 52%]
test/test_interfaces.py::SignalMapTest::test_a_torque_only_drive_is_supported PASSED [ 52%]
test/test_interfaces.py::SignalMapTest::test_absent_signals_name_the_guards_they_cost PASSED [ 53%]
test/test_interfaces.py::SignalMapTest::test_an_unknown_effort_source_is_refused PASSED [ 53%]
test/test_interfaces.py::SignalMapTest::test_blank_strings_from_a_form_mean_absent PASSED [ 54%]
test/test_interfaces.py::SignalMapTest::test_defaults_target_a_ros2_control_arm PASSED [ 54%]
test/test_interfaces.py::SignalMapTest::test_optional_signals_may_be_absent PASSED [ 54%]
test/test_interfaces.py::SignalMapTest::test_position_cannot_be_blank PASSED [ 55%]
test/test_interfaces.py::SignalMapTest::test_round_trip_through_a_dict PASSED [ 55%]
test/test_interfaces.py::SignalMapTest::test_the_joint_state_preset_is_torque_in_newton_metres PASSED [ 56%]
test/test_interfaces.py::SignalMapTest::test_the_selected_effort_channel_must_be_mapped PASSED [ 56%]
test/test_interfaces.py::SignalMapTest::test_the_unit_follows_the_source_it_cannot_disagree PASSED [ 57%]
test/test_interfaces.py::TelemetrySpecTest::test_dynamic_joint_states_is_preferred_when_both_exist PASSED [ 57%]
test/test_interfaces.py::TelemetrySpecTest::test_joint_states_is_used_when_it_is_all_there_is PASSED [ 57%]
test/test_interfaces.py::TelemetrySpecTest::test_no_topic_at_all_is_refused PASSED [ 58%]
test/test_interfaces.py::TelemetrySpecTest::test_round_trip_through_a_dict PASSED [ 58%]
test/test_interfaces.py::TelemetrySpecTest::test_the_description_tells_the_operator_what_is_missing PASSED [ 59%]
test/test_interfaces.py::CommandSpecTest::test_round_trip_through_a_dict PASSED [ 59%]
test/test_interfaces.py::CommandSpecTest::test_the_only_command_path_is_a_standard_action PASSED [ 60%]
test/test_obstacles.py::ObstacleShapeTest::test_a_box_needs_a_parent_frame PASSED [ 60%]
test/test_obstacles.py::ObstacleShapeTest::test_a_flat_box_is_rejected PASSED [ 60%]
test/test_obstacles.py::ObstacleShapeTest::test_ids_are_unique_without_being_asked PASSED [ 61%]
test/test_obstacles.py::ObstacleShapeTest::test_round_trip_through_a_dict PASSED [ 61%]
test/test_obstacles.py::ObstacleSceneTest::test_a_bad_payload_leaves_the_old_scene_standing PASSED [ 62%]
test/test_obstacles.py::ObstacleSceneTest::test_a_box_around_the_arm_is_caught PASSED [ 62%]
test/test_obstacles.py::ObstacleSceneTest::test_a_box_on_a_moving_link_travels_with_it PASSED [ 63%]
test/test_obstacles.py::ObstacleSceneTest::test_a_box_on_the_base_does_not_move_with_the_arm PASSED [ 63%]
test/test_obstacles.py::ObstacleSceneTest::test_a_caught_pose_can_say_what_it_hit PASSED [ 63%]
test/test_obstacles.py::ObstacleSceneTest::test_a_distant_box_vetoes_nothing PASSED [ 64%]
test/test_obstacles.py::ObstacleSceneTest::test_a_scene_without_geometry_says_so_rather_than_pretending PASSED [ 64%]
test/test_obstacles.py::ObstacleSceneTest::test_an_empty_scene_vetoes_nothing PASSED [ 65%]
test/test_obstacles.py::ObstacleSceneTest::test_an_unknown_frame_is_refused_at_edit_time PASSED [ 65%]
test/test_obstacles.py::ObstacleSceneTest::test_disabling_a_box_takes_it_out_of_the_check PASSED [ 66%]
test/test_obstacles.py::ObstacleSceneTest::test_editing_an_unknown_box_is_refused PASSED [ 66%]
test/test_obstacles.py::ObstacleSceneTest::test_removing_a_box_takes_it_out_of_the_check PASSED [ 66%]
test/test_obstacles.py::ObstacleSceneTest::test_replace_all_swaps_the_scene_atomically PASSED [ 67%]
test/test_obstacles.py::ObstacleSceneTest::test_the_urdf_supplies_link_shapes PASSED [ 67%]
test/test_obstacles.py::ObstacleSceneTest::test_the_wrong_number_of_angles_is_refused PASSED [ 68%]
test/test_obstacles.py::PersistenceTest::test_a_bad_payload_leaves_the_old_scene_standing PASSED [ 68%]
test/test_obstacles.py::PersistenceTest::test_a_box_around_the_arm_is_caught PASSED [ 69%]
test/test_obstacles.py::PersistenceTest::test_a_box_on_a_frame_this_robot_lacks_is_skipped_not_fatal PASSED [ 69%]
test/test_obstacles.py::PersistenceTest::test_a_box_on_a_moving_link_travels_with_it PASSED [ 69%]
test/test_obstacles.py::PersistenceTest::test_a_box_on_the_base_does_not_move_with_the_arm PASSED [ 70%]
test/test_obstacles.py::PersistenceTest::test_a_caught_pose_can_say_what_it_hit PASSED [ 70%]
test/test_obstacles.py::PersistenceTest::test_a_distant_box_vetoes_nothing PASSED [ 71%]
test/test_obstacles.py::PersistenceTest::test_a_future_schema_is_refused_rather_than_misread PASSED [ 71%]
test/test_obstacles.py::PersistenceTest::test_a_saved_scene_reloads_identically PASSED [ 72%]
test/test_obstacles.py::PersistenceTest::test_a_scene_without_geometry_says_so_rather_than_pretending PASSED [ 72%]
test/test_obstacles.py::PersistenceTest::test_an_empty_scene_vetoes_nothing PASSED [ 72%]
test/test_obstacles.py::PersistenceTest::test_an_interrupted_save_leaves_no_partial_file PASSED [ 73%]
test/test_obstacles.py::PersistenceTest::test_an_unknown_frame_is_refused_at_edit_time PASSED [ 73%]
test/test_obstacles.py::PersistenceTest::test_an_unknown_shape_is_refused_rather_than_read_as_a_box PASSED [ 74%]
test/test_obstacles.py::PersistenceTest::test_disabling_a_box_takes_it_out_of_the_check PASSED [ 74%]
test/test_obstacles.py::PersistenceTest::test_editing_an_unknown_box_is_refused PASSED [ 75%]
test/test_obstacles.py::PersistenceTest::test_removing_a_box_takes_it_out_of_the_check PASSED [ 75%]
test/test_obstacles.py::PersistenceTest::test_replace_all_swaps_the_scene_atomically PASSED [ 75%]
test/test_obstacles.py::PersistenceTest::test_the_document_is_versioned_and_names_the_shape PASSED [ 76%]
test/test_obstacles.py::PersistenceTest::test_the_urdf_supplies_link_shapes PASSED [ 76%]
test/test_obstacles.py::PersistenceTest::test_the_wrong_number_of_angles_is_refused PASSED [ 77%]
test/test_other_robot.py::ConfigurationTest::test_a_raised_ceiling_cannot_escape_the_envelope PASSED [ 77%]
test/test_other_robot.py::ConfigurationTest::test_an_explicit_sweep_speed_still_wins PASSED [ 78%]
test/test_other_robot.py::ConfigurationTest::test_campaign_bounds_follow_this_arm PASSED [ 78%]
test/test_other_robot.py::ConfigurationTest::test_default_plan_respects_this_arm PASSED [ 78%]
test/test_other_robot.py::ConfigurationTest::test_envelope_overrides_the_template PASSED [ 79%]
test/test_other_robot.py::ConfigurationTest::test_joint_count_comes_from_the_file PASSED [ 79%]
test/test_other_robot.py::ConfigurationTest::test_raising_the_ceiling_actually_moves_the_sweep PASSED [ 80%]
test/test_other_robot.py::ConfigurationTest::test_scalar_limit_expands_to_every_joint PASSED [ 80%]
test/test_other_robot.py::ConfigurationTest::test_the_sweep_reaches_the_speed_ceiling PASSED [ 81%]
test/test_other_robot.py::ConfigurationTest::test_unstated_envelope_fields_are_inherited PASSED [ 81%]
test/test_other_robot.py::SweepSizingTest::test_a_slow_sweep_keeps_the_requested_amplitude PASSED [ 81%]
test/test_other_robot.py::SweepSizingTest::test_amplitude_grows_with_speed PASSED [ 82%]
test/test_other_robot.py::SweepSizingTest::test_amplitude_never_exceeds_the_operator_bound PASSED [ 82%]
test/test_other_robot.py::SweepSizingTest::test_speeds_span_the_ceiling_without_duplicates PASSED [ 83%]
test/test_other_robot.py::SweepSizingTest::test_the_implied_ramp_stays_within_the_design_target PASSED [ 83%]
test/test_other_robot.py::ModelTest::test_missing_joint_is_reported_by_name PASSED [ 84%]
test/test_other_robot.py::ModelTest::test_model_has_the_profile_joints PASSED [ 84%]
test/test_other_robot.py::EndToEndTest::test_friction_and_prediction_hold_on_an_unseen_robot PASSED [ 84%]
test/test_profile.py::LoadTest::test_bundled_template_loads PASSED       [ 85%]
test/test_profile.py::LoadTest::test_explicit_names_win_over_count PASSED [ 85%]
test/test_profile.py::LoadTest::test_joint_count_generates_names_from_prefix PASSED [ 86%]
test/test_profile.py::LoadTest::test_missing_file_is_reported PASSED     [ 86%]
test/test_profile.py::LoadTest::test_unknown_profile_names_the_alternatives PASSED [ 87%]
test/test_profile.py::LoadTest::test_yaml_round_trip PASSED              [ 87%]
test/test_profile.py::ValidationTest::test_empty_voltage_window_is_rejected PASSED [ 87%]
test/test_profile.py::ValidationTest::test_non_finite_value_is_rejected PASSED [ 88%]
test/test_profile.py::ValidationTest::test_peak_below_continuous_is_rejected PASSED [ 88%]
test/test_profile.py::ValidationTest::test_peak_speed_below_sustained_is_rejected PASSED [ 89%]
test/test_profile.py::ValidationTest::test_unsupported_schema_version_is_rejected PASSED [ 89%]
test/test_profile.py::ValidationTest::test_wrong_length_vector_is_rejected PASSED [ 90%]
test/test_profile.py::TighteningTest::test_currents_cannot_be_overridden_at_all PASSED [ 90%]
test/test_profile.py::TighteningTest::test_higher_temperature_is_silently_refused PASSED [ 90%]
test/test_profile.py::TighteningTest::test_lower_temperature_is_accepted PASSED [ 91%]
test/test_profile.py::TighteningTest::test_position_margin_only_grows PASSED [ 91%]
test/test_profile.py::InheritanceTest::test_bundled_template_can_be_extended_by_name PASSED [ 92%]
test/test_profile.py::InheritanceTest::test_child_overrides_parent_and_inherits_the_rest PASSED [ 92%]
test/test_profile.py::InheritanceTest::test_inheritance_loop_is_reported PASSED [ 93%]
test/test_profile.py::InheritanceTest::test_lists_are_replaced_not_concatenated PASSED [ 93%]
test/test_profile.py::InheritanceTest::test_manipulator_template_is_shipped PASSED [ 93%]
test/test_profile.py::InheritanceTest::test_missing_parent_is_reported PASSED [ 94%]
test/test_verdict.py::JudgeJointTest::test_floor_scales_with_the_signal PASSED [ 94%]
test/test_verdict.py::JudgeJointTest::test_large_divergence_fails PASSED [ 95%]
test/test_verdict.py::JudgeJointTest::test_missing_validation_is_unknown_not_pass PASSED [ 95%]
test/test_verdict.py::JudgeJointTest::test_moderate_divergence_warns PASSED [ 96%]
test/test_verdict.py::JudgeJointTest::test_negligible_floor_does_not_hide_a_real_failure PASSED [ 96%]
test/test_verdict.py::JudgeJointTest::test_ratio_is_ignored_when_both_numbers_are_noise PASSED [ 96%]
test/test_verdict.py::JudgeJointTest::test_validation_tracking_residual_passes PASSED [ 97%]
test/test_verdict.py::VerdictTest::test_a_run_with_no_joints_fails PASSED [ 97%]
test/test_verdict.py::VerdictTest::test_a_warning_joint_downgrades_the_run PASSED [ 98%]
test/test_verdict.py::VerdictTest::test_all_good_joints_pass PASSED      [ 98%]
test/test_verdict.py::VerdictTest::test_an_aborted_run_never_passes PASSED [ 99%]
test/test_verdict.py::VerdictTest::test_one_bad_joint_fails_the_run PASSED [ 99%]
test/test_verdict.py::VerdictTest::test_verdict_is_part_of_the_serialised_result PASSED [100%]

=============================== warnings summary ===============================
test/test_dashboard.py::RehearsalEndToEndTest::test_a_result_was_produced
  /usr/lib/python3/dist-packages/scipy/__init__.py:146: UserWarning: A NumPy version >=1.17.3 and <1.25.0 is required for this version of SciPy (detected version 1.26.4
    warnings.warn(f"A NumPy version >={np_minversion} and <{np_maxversion}"

-- Docs: https://docs.pytest.org/en/stable/warnings.html
================== 233 passed, 3 skipped, 1 warning in 9.58s ===================
